<?xml version="1.0" encoding="UTF-8"?>
<!-- Generated by org.testng.reporters.JUnitXMLReporter -->
<testsuite ignored="7" hostname="LAPTOP-RCN14O7V" failures="0" tests="2" name="LoanTest" time="0.128" errors="0" timestamp="2024-08-22T22:34:06 BST">
  <testcase classname="org.gaurav.CarLoanTest" name="WebLoginCarLoan" time="0.009"/>
  <testcase classname="org.gaurav.HomeLoanTest" name="WebLoginHomeLoan" time="0.001"/>
  <testcase classname="org.gaurav.CarLoanTest" name="APILoginCarLoan" time="0.0">
    <ignored/>
  </testcase> <!-- APILoginCarLoan -->
  <testcase classname="org.gaurav.HomeLoanTest" name="MobileLoginHomeLoan" time="0.0">
    <ignored/>
  </testcase> <!-- MobileLoginHomeLoan -->
  <testcase classname="org.gaurav.HomeLoanTest" name="APILoginHomeLoan" time="0.0">
    <ignored/>
  </testcase> <!-- APILoginHomeLoan -->
  <testcase classname="org.gaurav.CarLoanTest" name="MobileLoginCarLoan" time="0.0">
    <ignored/>
  </testcase> <!-- MobileLoginCarLoan -->
  <testcase classname="org.gaurav.PersonalLoanTest" name="APILoginPersonalLoan" time="0.0">
    <ignored/>
  </testcase> <!-- APILoginPersonalLoan -->
  <testcase classname="org.gaurav.PersonalLoanTest" name="WebLoginPersonalLoan" time="0.0">
    <ignored/>
  </testcase> <!-- WebLoginPersonalLoan -->
  <testcase classname="org.gaurav.PersonalLoanTest" name="MobileLoginPersonalLoan" time="0.0">
    <ignored/>
  </testcase> <!-- MobileLoginPersonalLoan -->
</testsuite> <!-- LoanTest -->
