<?xml version="1.0" encoding="UTF-8"?>
<!-- Generated by org.testng.reporters.JUnitXMLReporter -->
<testsuite ignored="0" hostname="LAPTOP-RCN14O7V" failures="0" tests="5" name="Test01" time="0.117" errors="0" timestamp="2024-08-16T21:43:19 BST">
  <testcase classname="org.gaurav.TestNGAnnotations1" name="testMethod1" time="0.002"/>
  <testcase classname="org.gaurav.TestNGAnnotations1" name="testMethod2" time="0.001"/>
  <testcase classname="org.gaurav.TestNGAnnotations1" name="testMethod3" time="0.001"/>
  <testcase classname="org.gaurav.TestNGAnnotations2" name="testMethod4" time="0.003"/>
  <testcase classname="org.gaurav.TestNGAnnotations2" name="testMethod5" time="0.0"/>
</testsuite> <!-- Test01 -->
