<?xml version="1.0" encoding="UTF-8"?>
<!-- Generated by org.testng.reporters.JUnitXMLReporter -->
<testsuite ignored="0" hostname="LAPTOP-RCN14O7V" failures="0" tests="3" name="Test02" time="0.019" errors="0" timestamp="2024-08-16T21:43:19 BST">
  <testcase classname="org.gaurav.FirstTestCase" name="setup" time="0.001"/>
  <testcase classname="org.gaurav.FirstTestCase" name="login" time="0.003"/>
  <testcase classname="org.gaurav.FirstTestCase" name="close" time="0.0"/>
</testsuite> <!-- Test02 -->
