<?xml version="1.0" encoding="UTF-8"?>
<!-- Generated by org.testng.reporters.JUnitXMLReporter -->
<testsuite ignored="0" hostname="LAPTOP-RCN14O7V" failures="0" tests="3" name="Test" time="0.139" errors="0" timestamp="2024-09-04T23:32:38 BST">
  <testcase classname="org.gaurav.dependsOnMethod" name="openBrowser" time="0.015"/>
  <testcase classname="org.gaurav.dependsOnMethod" name="signIn" time="0.003"/>
  <testcase classname="org.gaurav.dependsOnMethod" name="logOut" time="0.004"/>
</testsuite> <!-- Test -->
