<?xml version="1.0" encoding="UTF-8"?>
<!-- Generated by org.testng.reporters.JUnitXMLReporter -->
<testsuite ignored="0" hostname="LAPTOP-RCN14O7V" failures="0" tests="6" name="Test" time="0.125" errors="0" timestamp="2024-08-15T11:16:52 BST">
  <testcase classname="org.gaurav.FirstTestCase" name="setup" time="0.01"/>
  <testcase classname="org.gaurav.FirstTestCase" name="login" time="0.001"/>
  <testcase classname="org.gaurav.FirstTestCase" name="close" time="0.001"/>
  <testcase classname="org.gaurav.SecondTestCase" name="testMethod1" time="0.001"/>
  <testcase classname="org.gaurav.SecondTestCase" name="testMethod2" time="0.006"/>
  <testcase classname="org.gaurav.SecondTestCase" name="testMethod3" time="0.001"/>
</testsuite> <!-- Test -->
