<?xml version="1.0" encoding="UTF-8"?>
<testng-results ignored="0" total="6" passed="6" failed="0" skipped="0">
  <reporter-output>
  </reporter-output>
  <suite started-at="2024-08-15T11:16:52 BST" name="All Test Suite" finished-at="2024-08-15T11:16:52 BST" duration-ms="125">
    <groups>
    </groups>
    <test started-at="2024-08-15T11:16:52 BST" name="Test" finished-at="2024-08-15T11:16:52 BST" duration-ms="125">
      <class name="org.gaurav.FirstTestCase">
        <test-method signature="setup()[pri:1, instance:org.gaurav.FirstTestCase@3c9754d8]" started-at="2024-08-15T11:16:52 BST" name="setup" finished-at="2024-08-15T11:16:52 BST" duration-ms="10" status="PASS">
          <reporter-output>
          </reporter-output>
        </test-method> <!-- setup -->
        <test-method signature="login()[pri:2, instance:org.gaurav.FirstTestCase@3c9754d8]" started-at="2024-08-15T11:16:52 BST" name="login" finished-at="2024-08-15T11:16:52 BST" duration-ms="1" status="PASS">
          <reporter-output>
          </reporter-output>
        </test-method> <!-- login -->
        <test-method signature="close()[pri:3, instance:org.gaurav.FirstTestCase@3c9754d8]" started-at="2024-08-15T11:16:52 BST" name="close" finished-at="2024-08-15T11:16:52 BST" duration-ms="1" status="PASS">
          <reporter-output>
          </reporter-output>
        </test-method> <!-- close -->
      </class> <!-- org.gaurav.FirstTestCase -->
      <class name="org.gaurav.SecondTestCase">
        <test-method signature="testMethod1()[pri:1, instance:org.gaurav.SecondTestCase@3a52dba3]" started-at="2024-08-15T11:16:52 BST" name="testMethod1" finished-at="2024-08-15T11:16:52 BST" duration-ms="1" status="PASS">
          <reporter-output>
          </reporter-output>
        </test-method> <!-- testMethod1 -->
        <test-method signature="testMethod2()[pri:2, instance:org.gaurav.SecondTestCase@3a52dba3]" started-at="2024-08-15T11:16:52 BST" name="testMethod2" finished-at="2024-08-15T11:16:52 BST" duration-ms="6" status="PASS">
          <reporter-output>
          </reporter-output>
        </test-method> <!-- testMethod2 -->
        <test-method signature="testMethod3()[pri:3, instance:org.gaurav.SecondTestCase@3a52dba3]" started-at="2024-08-15T11:16:52 BST" name="testMethod3" finished-at="2024-08-15T11:16:52 BST" duration-ms="1" status="PASS">
          <reporter-output>
          </reporter-output>
        </test-method> <!-- testMethod3 -->
      </class> <!-- org.gaurav.SecondTestCase -->
    </test> <!-- Test -->
  </suite> <!-- All Test Suite -->
</testng-results>
