<?xml version="1.0" encoding="UTF-8"?>
<testng-results ignored="0" total="3" passed="3" failed="0" skipped="0">
  <reporter-output>
  </reporter-output>
  <suite started-at="2024-09-04T23:32:37 BST" name="All Test Suite" finished-at="2024-09-04T23:32:38 BST" duration-ms="139">
    <groups>
    </groups>
    <test started-at="2024-09-04T23:32:37 BST" name="Test" finished-at="2024-09-04T23:32:38 BST" duration-ms="139">
      <class name="org.gaurav.dependsOnMethod">
        <test-method signature="openBrowser()[pri:0, instance:org.gaurav.dependsOnMethod@2aceadd4]" started-at="2024-09-04T23:32:37 BST" name="openBrowser" finished-at="2024-09-04T23:32:38 BST" duration-ms="15" status="PASS">
          <reporter-output>
          </reporter-output>
        </test-method> <!-- openBrowser -->
        <test-method signature="signIn()[pri:0, instance:org.gaurav.dependsOnMethod@2aceadd4]" started-at="2024-09-04T23:32:38 BST" name="signIn" finished-at="2024-09-04T23:32:38 BST" depends-on-methods="org.gaurav.dependsOnMethod.openBrowser" duration-ms="3" status="PASS">
          <reporter-output>
          </reporter-output>
        </test-method> <!-- signIn -->
        <test-method signature="logOut()[pri:0, instance:org.gaurav.dependsOnMethod@2aceadd4]" started-at="2024-09-04T23:32:38 BST" name="logOut" finished-at="2024-09-04T23:32:38 BST" depends-on-methods="org.gaurav.dependsOnMethod.signIn, org.gaurav.dependsOnMethod.openBrowser" duration-ms="4" status="PASS">
          <reporter-output>
          </reporter-output>
        </test-method> <!-- logOut -->
      </class> <!-- org.gaurav.dependsOnMethod -->
    </test> <!-- Test -->
  </suite> <!-- All Test Suite -->
</testng-results>
